  main.cpp
C:\Users\AI\Desktop\CPP202309\challenge\week11\mudgame_project\main.cpp(1,1): warning C4819: 현재 코드 페이지(949)에서 표시할 수 없는 문자가 파일에 들어 있습니다. 데이터가 손실되지 않게 하려면 해당 파일을 유니코드 형식으로 저장하십시오.
C:\Users\AI\Desktop\CPP202309\challenge\week11\mudgame_project\user.hpp(1,1): warning C4819: 현재 코드 페이지(949)에서 표시할 수 없는 문자가 파일에 들어 있습니다. 데이터가 손실되지 않게 하려면 해당 파일을 유니코드 형식으로 저장하십시오.
C:\Users\AI\Desktop\CPP202309\challenge\week11\mudgame_project\main.cpp(55,27): error C2001: 상수에 줄 바꿈 문자가 있습니다.
C:\Users\AI\Desktop\CPP202309\challenge\week11\mudgame_project\main.cpp(57,13): error C2146: 구문 오류: ';'이(가) 'user_y' 식별자 앞에 없습니다.
C:\Users\AI\Desktop\CPP202309\challenge\week11\mudgame_project\main.cpp(55,24): warning C4834: 'nodiscard' 특성이 포함된 함수의 반환 값을 버리는 중
C:\Users\AI\Desktop\CPP202309\challenge\week11\mudgame_project\main.cpp(57,1): error C2429: 언어 기능 'if/switch의 init-statements'에 컴파일러 플래그 '/std:c++17'이(가) 필요합니다.
C:\Users\AI\Desktop\CPP202309\challenge\week11\mudgame_project\main.cpp(57,20): error C2059: 구문 오류: '-='
C:\Users\AI\Desktop\CPP202309\challenge\week11\mudgame_project\main.cpp(70,9): error C2181: if와 짝을 이루지 않는 잘못된 else문입니다.
C:\Users\AI\Desktop\CPP202309\challenge\week11\mudgame_project\main.cpp(70,32): error C2001: 상수에 줄 바꿈 문자가 있습니다.
C:\Users\AI\Desktop\CPP202309\challenge\week11\mudgame_project\main.cpp(70,18): error C2065: 'user_input': 선언되지 않은 식별자입니다.
C:\Users\AI\Desktop\CPP202309\challenge\week11\mudgame_project\main.cpp(72,13): error C2146: 구문 오류: ';'이(가) 'user_y' 식별자 앞에 없습니다.
C:\Users\AI\Desktop\CPP202309\challenge\week11\mudgame_project\main.cpp(72,1): error C2429: 언어 기능 'if/switch의 init-statements'에 컴파일러 플래그 '/std:c++17'이(가) 필요합니다.
C:\Users\AI\Desktop\CPP202309\challenge\week11\mudgame_project\main.cpp(72,20): error C2059: 구문 오류: '+='
C:\Users\AI\Desktop\CPP202309\challenge\week11\mudgame_project\main.cpp(84,9): error C2059: 구문 오류: 'else'
C:\Users\AI\Desktop\CPP202309\challenge\week11\mudgame_project\main.cpp(84,32): error C2001: 상수에 줄 바꿈 문자가 있습니다.
C:\Users\AI\Desktop\CPP202309\challenge\week11\mudgame_project\main.cpp(86,24): error C2143: 구문 오류: ')'이(가) ';' 앞에 없습니다.
C:\Users\AI\Desktop\CPP202309\challenge\week11\mudgame_project\main.cpp(87,34): error C2065: 'user_x': 선언되지 않은 식별자입니다.
C:\Users\AI\Desktop\CPP202309\challenge\week11\mudgame_project\main.cpp(87,48): error C2065: 'user_y': 선언되지 않은 식별자입니다.
C:\Users\AI\Desktop\CPP202309\challenge\week11\mudgame_project\main.cpp(89,13): error C2059: 구문 오류: 'if'
C:\Users\AI\Desktop\CPP202309\challenge\week11\mudgame_project\main.cpp(89,33): error C2143: 구문 오류: ';'이(가) '{' 앞에 없습니다.
C:\Users\AI\Desktop\CPP202309\challenge\week11\mudgame_project\main.cpp(89,33): error C2447: '{': 함수 헤더가 없습니다. 이전 스타일의 형식 목록입니까?
C:\Users\AI\Desktop\CPP202309\challenge\week11\mudgame_project\main.cpp(93,13): error C2059: 구문 오류: 'else'
C:\Users\AI\Desktop\CPP202309\challenge\week11\mudgame_project\main.cpp(93,18): error C2143: 구문 오류: ';'이(가) '{' 앞에 없습니다.
C:\Users\AI\Desktop\CPP202309\challenge\week11\mudgame_project\main.cpp(93,18): error C2447: '{': 함수 헤더가 없습니다. 이전 스타일의 형식 목록입니까?
C:\Users\AI\Desktop\CPP202309\challenge\week11\mudgame_project\main.cpp(98,9): error C2059: 구문 오류: '}'
C:\Users\AI\Desktop\CPP202309\challenge\week11\mudgame_project\main.cpp(98,9): error C2143: 구문 오류: ';'이(가) '}' 앞에 없습니다.
C:\Users\AI\Desktop\CPP202309\challenge\week11\mudgame_project\main.cpp(99,32): error C2001: 상수에 줄 바꿈 문자가 있습니다.
C:\Users\AI\Desktop\CPP202309\challenge\week11\mudgame_project\main.cpp(101,24): error C2143: 구문 오류: ')'이(가) ';' 앞에 없습니다.
C:\Users\AI\Desktop\CPP202309\challenge\week11\mudgame_project\main.cpp(102,18): error C2374: 'inMap': 재정의. 여러 번 초기화했습니다.
C:\Users\AI\Desktop\CPP202309\challenge\week11\mudgame_project\main.cpp(87): message : 'inMap' 선언을 참조하십시오.
C:\Users\AI\Desktop\CPP202309\challenge\week11\mudgame_project\main.cpp(102,34): error C2065: 'user_x': 선언되지 않은 식별자입니다.
C:\Users\AI\Desktop\CPP202309\challenge\week11\mudgame_project\main.cpp(102,48): error C2065: 'user_y': 선언되지 않은 식별자입니다.
C:\Users\AI\Desktop\CPP202309\challenge\week11\mudgame_project\main.cpp(103,13): error C2059: 구문 오류: 'if'
C:\Users\AI\Desktop\CPP202309\challenge\week11\mudgame_project\main.cpp(103,33): error C2143: 구문 오류: ';'이(가) '{' 앞에 없습니다.
C:\Users\AI\Desktop\CPP202309\challenge\week11\mudgame_project\main.cpp(103,33): error C2447: '{': 함수 헤더가 없습니다. 이전 스타일의 형식 목록입니까?
C:\Users\AI\Desktop\CPP202309\challenge\week11\mudgame_project\main.cpp(107,13): error C2059: 구문 오류: 'else'
C:\Users\AI\Desktop\CPP202309\challenge\week11\mudgame_project\main.cpp(107,18): error C2143: 구문 오류: ';'이(가) '{' 앞에 없습니다.
C:\Users\AI\Desktop\CPP202309\challenge\week11\mudgame_project\main.cpp(107,18): error C2447: '{': 함수 헤더가 없습니다. 이전 스타일의 형식 목록입니까?
C:\Users\AI\Desktop\CPP202309\challenge\week11\mudgame_project\main.cpp(112,9): error C2059: 구문 오류: '}'
C:\Users\AI\Desktop\CPP202309\challenge\week11\mudgame_project\main.cpp(112,9): error C2143: 구문 오류: ';'이(가) '}' 앞에 없습니다.
C:\Users\AI\Desktop\CPP202309\challenge\week11\mudgame_project\main.cpp(113,32): error C2001: 상수에 줄 바꿈 문자가 있습니다.
C:\Users\AI\Desktop\CPP202309\challenge\week11\mudgame_project\main.cpp(115,44): error C2143: 구문 오류: ')'이(가) ';' 앞에 없습니다.
C:\Users\AI\Desktop\CPP202309\challenge\week11\mudgame_project\main.cpp(116,9): error C2059: 구문 오류: '}'
C:\Users\AI\Desktop\CPP202309\challenge\week11\mudgame_project\main.cpp(116,9): error C2143: 구문 오류: ';'이(가) '}' 앞에 없습니다.
C:\Users\AI\Desktop\CPP202309\challenge\week11\mudgame_project\main.cpp(117,45): error C2143: 구문 오류: ';'이(가) '{' 앞에 없습니다.
C:\Users\AI\Desktop\CPP202309\challenge\week11\mudgame_project\main.cpp(117,45): error C2447: '{': 함수 헤더가 없습니다. 이전 스타일의 형식 목록입니까?
C:\Users\AI\Desktop\CPP202309\challenge\week11\mudgame_project\main.cpp(122,9): error C2059: 구문 오류: 'else'
C:\Users\AI\Desktop\CPP202309\challenge\week11\mudgame_project\main.cpp(122,14): error C2143: 구문 오류: ';'이(가) '{' 앞에 없습니다.
C:\Users\AI\Desktop\CPP202309\challenge\week11\mudgame_project\main.cpp(122,14): error C2447: '{': 함수 헤더가 없습니다. 이전 스타일의 형식 목록입니까?
C:\Users\AI\Desktop\CPP202309\challenge\week11\mudgame_project\main.cpp(127,9): error C2059: 구문 오류: 'if'
C:\Users\AI\Desktop\CPP202309\challenge\week11\mudgame_project\main.cpp(127,35): error C2143: 구문 오류: ';'이(가) '{' 앞에 없습니다.
C:\Users\AI\Desktop\CPP202309\challenge\week11\mudgame_project\main.cpp(127,35): error C2447: '{': 함수 헤더가 없습니다. 이전 스타일의 형식 목록입니까?
C:\Users\AI\Desktop\CPP202309\challenge\week11\mudgame_project\main.cpp(134,33): error C2065: 'map': 선언되지 않은 식별자입니다.
C:\Users\AI\Desktop\CPP202309\challenge\week11\mudgame_project\main.cpp(134,38): error C2065: 'user_x': 선언되지 않은 식별자입니다.
C:\Users\AI\Desktop\CPP202309\challenge\week11\mudgame_project\main.cpp(134,46): error C2065: 'user_y': 선언되지 않은 식별자입니다.
C:\Users\AI\Desktop\CPP202309\challenge\week11\mudgame_project\main.cpp(135,9): error C2059: 구문 오류: 'if'
C:\Users\AI\Desktop\CPP202309\challenge\week11\mudgame_project\main.cpp(135,29): error C2143: 구문 오류: ';'이(가) '{' 앞에 없습니다.
C:\Users\AI\Desktop\CPP202309\challenge\week11\mudgame_project\main.cpp(135,29): error C2447: '{': 함수 헤더가 없습니다. 이전 스타일의 형식 목록입니까?
C:\Users\AI\Desktop\CPP202309\challenge\week11\mudgame_project\main.cpp(141,23): error C4430: 형식 지정자가 없습니다. int로 가정합니다. 참고: C++에서는 기본 int를 지원하지 않습니다.
C:\Users\AI\Desktop\CPP202309\challenge\week11\mudgame_project\main.cpp(141,9): error C2365: 'checkState': 재정의: 이전 정의는 '함수'입니다.
C:\Users\AI\Desktop\CPP202309\challenge\week11\mudgame_project\main.cpp(24): message : 'checkState' 선언을 참조하십시오.
C:\Users\AI\Desktop\CPP202309\challenge\week11\mudgame_project\main.cpp(141,20): error C2065: 'map': 선언되지 않은 식별자입니다.
C:\Users\AI\Desktop\CPP202309\challenge\week11\mudgame_project\main.cpp(141,25): error C2065: 'user_x': 선언되지 않은 식별자입니다.
C:\Users\AI\Desktop\CPP202309\challenge\week11\mudgame_project\main.cpp(141,33): error C2065: 'user_y': 선언되지 않은 식별자입니다.
C:\Users\AI\Desktop\CPP202309\challenge\week11\mudgame_project\main.cpp(143,5): error C2059: 구문 오류: '}'
C:\Users\AI\Desktop\CPP202309\challenge\week11\mudgame_project\main.cpp(143,5): error C2143: 구문 오류: ';'이(가) '}' 앞에 없습니다.
C:\Users\AI\Desktop\CPP202309\challenge\week11\mudgame_project\main.cpp(145,5): error C2059: 구문 오류: 'return'
C:\Users\AI\Desktop\CPP202309\challenge\week11\mudgame_project\main.cpp(146,1): error C2059: 구문 오류: '}'
C:\Users\AI\Desktop\CPP202309\challenge\week11\mudgame_project\main.cpp(146,1): error C2143: 구문 오류: ';'이(가) '}' 앞에 없습니다.
C:\Users\AI\Desktop\CPP202309\challenge\week11\mudgame_project\main.cpp(150,58): error C2143: 구문 오류: ';'이(가) '{' 앞에 없습니다.
C:\Users\AI\Desktop\CPP202309\challenge\week11\mudgame_project\main.cpp(150,58): error C2447: '{': 함수 헤더가 없습니다. 이전 스타일의 형식 목록입니까?
  user.cpp
C:\Users\AI\Desktop\CPP202309\challenge\week11\mudgame_project\user.cpp(1,1): warning C4819: 현재 코드 페이지(949)에서 표시할 수 없는 문자가 파일에 들어 있습니다. 데이터가 손실되지 않게 하려면 해당 파일을 유니코드 형식으로 저장하십시오.
C:\Users\AI\Desktop\CPP202309\challenge\week11\mudgame_project\user.hpp(1,1): warning C4819: 현재 코드 페이지(949)에서 표시할 수 없는 문자가 파일에 들어 있습니다. 데이터가 손실되지 않게 하려면 해당 파일을 유니코드 형식으로 저장하십시오.
  코드를 생성하고 있습니다...
